This file contains any messages produced by compilers while
running configure, to aid debugging if configure makes a mistake.

It was created by GNU Offloading and Multi Processing Runtime Library configure 1.0, which was
generated by GNU Autoconf 2.64.  Invocation command line was

  $ ../configure --disable-linux-futex

## --------- ##
## Platform. ##
## --------- ##

hostname = localhost.localdomain
uname -m = x86_64
uname -r = 4.9.93-010.ali3000.alios7.x86_64
uname -s = Linux
uname -v = #1 SMP Fri Apr 20 00:18:51 CST 2018

/usr/bin/uname -p = unknown
/bin/uname -X     = unknown

/bin/arch              = unknown
/usr/bin/arch -k       = unknown
/usr/convex/getsysinfo = unknown
/usr/bin/hostinfo      = unknown
/bin/machine           = unknown
/usr/bin/oslevel       = unknown
/bin/universe          = unknown

PATH: /usr/local/sbin
PATH: /usr/local/bin
PATH: /usr/sbin
PATH: /usr/bin
PATH: /sbin
PATH: /bin


## ----------- ##
## Core tests. ##
## ----------- ##

configure:2609: checking for --enable-version-specific-runtime-libs
configure:2624: result: no
configure:2632: checking for --enable-generated-files-in-srcdir
configure:2647: result: no
configure:2704: checking build system type
configure:2718: result: x86_64-pc-linux-gnu
configure:2738: checking host system type
configure:2751: result: x86_64-pc-linux-gnu
configure:2771: checking target system type
configure:2784: result: x86_64-pc-linux-gnu
configure:2841: checking for a BSD-compatible install
configure:2909: result: /usr/bin/install -c
configure:2920: checking whether build environment is sane
configure:2970: result: yes
configure:3111: checking for a thread-safe mkdir -p
configure:3150: result: /bin/mkdir -p
configure:3163: checking for gawk
configure:3193: result: no
configure:3163: checking for mawk
configure:3179: found /usr/bin/mawk
configure:3190: result: mawk
configure:3201: checking whether make sets $(MAKE)
configure:3223: result: yes
configure:3427: checking for gcc
configure:3443: found /usr/bin/gcc
configure:3454: result: gcc
configure:3683: checking for C compiler version
configure:3692: gcc --version >&5
gcc (Ubuntu 7.4.0-1ubuntu1~18.04.1) 7.4.0
Copyright (C) 2017 Free Software Foundation, Inc.
This is free software; see the source for copying conditions.  There is NO
warranty; not even for MERCHANTABILITY or FITNESS FOR A PARTICULAR PURPOSE.

configure:3703: $? = 0
configure:3692: gcc -v >&5
Using built-in specs.
COLLECT_GCC=gcc
COLLECT_LTO_WRAPPER=/usr/lib/gcc/x86_64-linux-gnu/7/lto-wrapper
OFFLOAD_TARGET_NAMES=nvptx-none
OFFLOAD_TARGET_DEFAULT=1
Target: x86_64-linux-gnu
Configured with: ../src/configure -v --with-pkgversion='Ubuntu 7.4.0-1ubuntu1~18.04.1' --with-bugurl=file:///usr/share/doc/gcc-7/README.Bugs --enable-languages=c,ada,c++,go,brig,d,fortran,objc,obj-c++ --prefix=/usr --with-gcc-major-version-only --program-suffix=-7 --program-prefix=x86_64-linux-gnu- --enable-shared --enable-linker-build-id --libexecdir=/usr/lib --without-included-gettext --enable-threads=posix --libdir=/usr/lib --enable-nls --with-sysroot=/ --enable-clocale=gnu --enable-libstdcxx-debug --enable-libstdcxx-time=yes --with-default-libstdcxx-abi=new --enable-gnu-unique-object --disable-vtable-verify --enable-libmpx --enable-plugin --enable-default-pie --with-system-zlib --with-target-system-zlib --enable-objc-gc=auto --enable-multiarch --disable-werror --with-arch-32=i686 --with-abi=m64 --with-multilib-list=m32,m64,mx32 --enable-multilib --with-tune=generic --enable-offload-targets=nvptx-none --without-cuda-driver --enable-checking=release --build=x86_64-linux-gnu --host=x86_64-linux-gnu --target=x86_64-linux-gnu
Thread model: posix
gcc version 7.4.0 (Ubuntu 7.4.0-1ubuntu1~18.04.1) 
configure:3703: $? = 0
configure:3692: gcc -V >&5
gcc: error: unrecognized command line option '-V'
gcc: fatal error: no input files
compilation terminated.
configure:3703: $? = 1
configure:3692: gcc -qversion >&5
gcc: error: unrecognized command line option '-qversion'; did you mean '--version'?
gcc: fatal error: no input files
compilation terminated.
configure:3703: $? = 1
configure:3723: checking for C compiler default output file name
configure:3745: gcc    conftest.c  >&5
configure:3749: $? = 0
configure:3786: result: a.out
configure:3802: checking whether the C compiler works
configure:3811: ./a.out
configure:3815: $? = 0
configure:3830: result: yes
configure:3837: checking whether we are cross compiling
configure:3839: result: no
configure:3842: checking for suffix of executables
configure:3849: gcc -o conftest    conftest.c  >&5
configure:3853: $? = 0
configure:3875: result: 
configure:3881: checking for suffix of object files
configure:3903: gcc -c   conftest.c >&5
configure:3907: $? = 0
configure:3928: result: o
configure:3932: checking whether we are using the GNU C compiler
configure:3951: gcc -c   conftest.c >&5
configure:3951: $? = 0
configure:3960: result: yes
configure:3969: checking whether gcc accepts -g
configure:3989: gcc -c -g  conftest.c >&5
configure:3989: $? = 0
configure:4030: result: yes
configure:4047: checking for gcc option to accept ISO C89
configure:4111: gcc  -c -g -O2  conftest.c >&5
configure:4111: $? = 0
configure:4124: result: none needed
configure:4155: checking for style of include used by make
configure:4183: result: GNU
configure:4209: checking dependency style of gcc
configure:4320: result: gcc3
configure:4393: checking for ar
configure:4409: found /usr/bin/ar
configure:4420: result: ar
configure:4485: checking for ranlib
configure:4501: found /usr/bin/ranlib
configure:4512: result: ranlib
configure:4536: checking for perl
configure:4554: found /usr/bin/perl
configure:4567: result: /usr/bin/perl
configure:4575: checking whether make sets $(MAKE)
configure:4597: result: yes
configure:4613: checking for makeinfo
configure:4640: result: ${SHELL} /opt/openmp/missing --run makeinfo
configure:4650: checking for modern makeinfo
configure:4665: result: no
configure:4731: checking how to print strings
configure:4758: result: printf
configure:4779: checking for a sed that does not truncate output
configure:4843: result: /bin/sed
configure:4861: checking for grep that handles long lines and -e
configure:4919: result: /bin/grep
configure:4924: checking for egrep
configure:4986: result: /bin/grep -E
configure:4991: checking for fgrep
configure:5053: result: /bin/grep -F
configure:5088: checking for ld used by gcc
configure:5155: result: /usr/bin/ld
configure:5162: checking if the linker (/usr/bin/ld) is GNU ld
configure:5177: result: yes
configure:5189: checking for BSD- or MS-compatible name lister (nm)
configure:5238: result: /usr/bin/nm -B
configure:5368: checking the name lister (/usr/bin/nm -B) interface
configure:5375: gcc -c -g -O2  conftest.c >&5
configure:5378: /usr/bin/nm -B "conftest.o"
configure:5381: output
0000000000000000 B some_variable
configure:5388: result: BSD nm
configure:5391: checking whether ln -s works
configure:5395: result: yes
configure:5403: checking the maximum length of command line arguments
configure:5528: result: 1572864
configure:5545: checking whether the shell understands some XSI constructs
configure:5555: result: yes
configure:5559: checking whether the shell understands "+="
configure:5565: result: yes
configure:5600: checking for /usr/bin/ld option to reload object files
configure:5607: result: -r
configure:5676: checking for objdump
configure:5692: found /usr/bin/objdump
configure:5703: result: objdump
configure:5735: checking how to recognize dependent libraries
configure:5936: result: pass_all
configure:5996: checking for ar
configure:6023: result: ar
configure:6101: checking for strip
configure:6117: found /usr/bin/strip
configure:6128: result: strip
configure:6200: checking for ranlib
configure:6227: result: ranlib
configure:6329: checking command to parse /usr/bin/nm -B output from gcc object
configure:6447: gcc -c -g -O2  conftest.c >&5
configure:6450: $? = 0
configure:6454: /usr/bin/nm -B conftest.o \| sed -n -e 's/^.*[ ]\([ABCDGIRSTW][ABCDGIRSTW]*\)[ ][ ]*\([_A-Za-z][_A-Za-z0-9]*\)$/\1 \2 \2/p' \> conftest.nm
configure:6457: $? = 0
configure:6511: gcc -o conftest -g -O2   conftest.c conftstm.o >&5
configure:6514: $? = 0
configure:6552: result: ok
configure:6648: gcc -c -g -O2  conftest.c >&5
configure:6651: $? = 0
configure:7404: checking how to run the C preprocessor
configure:7435: gcc -E  conftest.c
configure:7435: $? = 0
configure:7449: gcc -E  conftest.c
conftest.c:11:10: fatal error: ac_nonexistent.h: No such file or directory
 #include <ac_nonexistent.h>
          ^~~~~~~~~~~~~~~~~~
compilation terminated.
configure:7449: $? = 1
configure: failed program was:
| /* confdefs.h */
| #define PACKAGE_NAME "GNU Offloading and Multi Processing Runtime Library"
| #define PACKAGE_TARNAME "libgomp"
| #define PACKAGE_VERSION "1.0"
| #define PACKAGE_STRING "GNU Offloading and Multi Processing Runtime Library 1.0"
| #define PACKAGE_BUGREPORT ""
| #define PACKAGE_URL "http://www.gnu.org/software/libgomp/"
| #define PACKAGE "libgomp"
| #define VERSION "1.0"
| /* end confdefs.h.  */
| #include <ac_nonexistent.h>
configure:7474: result: gcc -E
configure:7494: gcc -E  conftest.c
configure:7494: $? = 0
configure:7508: gcc -E  conftest.c
conftest.c:11:10: fatal error: ac_nonexistent.h: No such file or directory
 #include <ac_nonexistent.h>
          ^~~~~~~~~~~~~~~~~~
compilation terminated.
configure:7508: $? = 1
configure: failed program was:
| /* confdefs.h */
| #define PACKAGE_NAME "GNU Offloading and Multi Processing Runtime Library"
| #define PACKAGE_TARNAME "libgomp"
| #define PACKAGE_VERSION "1.0"
| #define PACKAGE_STRING "GNU Offloading and Multi Processing Runtime Library 1.0"
| #define PACKAGE_BUGREPORT ""
| #define PACKAGE_URL "http://www.gnu.org/software/libgomp/"
| #define PACKAGE "libgomp"
| #define VERSION "1.0"
| /* end confdefs.h.  */
| #include <ac_nonexistent.h>
configure:7537: checking for ANSI C header files
configure:7557: gcc -c -g -O2  conftest.c >&5
configure:7557: $? = 0
configure:7630: gcc -o conftest -g -O2   conftest.c  >&5
configure:7630: $? = 0
configure:7630: ./conftest
configure:7630: $? = 0
configure:7641: result: yes
configure:7654: checking for sys/types.h
configure:7654: gcc -c -g -O2  conftest.c >&5
configure:7654: $? = 0
configure:7654: result: yes
configure:7654: checking for sys/stat.h
configure:7654: gcc -c -g -O2  conftest.c >&5
configure:7654: $? = 0
configure:7654: result: yes
configure:7654: checking for stdlib.h
configure:7654: gcc -c -g -O2  conftest.c >&5
configure:7654: $? = 0
configure:7654: result: yes
configure:7654: checking for string.h
configure:7654: gcc -c -g -O2  conftest.c >&5
configure:7654: $? = 0
configure:7654: result: yes
configure:7654: checking for memory.h
configure:7654: gcc -c -g -O2  conftest.c >&5
configure:7654: $? = 0
configure:7654: result: yes
configure:7654: checking for strings.h
configure:7654: gcc -c -g -O2  conftest.c >&5
configure:7654: $? = 0
configure:7654: result: yes
configure:7654: checking for inttypes.h
configure:7654: gcc -c -g -O2  conftest.c >&5
configure:7654: $? = 0
configure:7654: result: yes
configure:7654: checking for stdint.h
configure:7654: gcc -c -g -O2  conftest.c >&5
configure:7654: $? = 0
configure:7654: result: yes
configure:7654: checking for unistd.h
configure:7654: gcc -c -g -O2  conftest.c >&5
configure:7654: $? = 0
configure:7654: result: yes
configure:7669: checking for dlfcn.h
configure:7669: gcc -c -g -O2  conftest.c >&5
configure:7669: $? = 0
configure:7669: result: yes
configure:7856: checking for objdir
configure:7871: result: .libs
configure:8142: checking if gcc supports -fno-rtti -fno-exceptions
configure:8160: gcc -c -g -O2  -fno-rtti -fno-exceptions conftest.c >&5
cc1: warning: command line option '-fno-rtti' is valid for C++/ObjC++ but not for C
configure:8164: $? = 0
configure:8177: result: no
configure:8197: checking for gcc option to produce PIC
configure:8483: result: -fPIC -DPIC
configure:8495: checking if gcc PIC flag -fPIC -DPIC works
configure:8513: gcc -c -g -O2  -fPIC -DPIC -DPIC conftest.c >&5
configure:8517: $? = 0
configure:8530: result: yes
configure:8554: checking if gcc static flag -static works
configure:8582: result: yes
configure:8597: checking if gcc supports -c -o file.o
configure:8618: gcc -c -g -O2  -o out/conftest2.o conftest.c >&5
configure:8622: $? = 0
configure:8644: result: yes
configure:8652: checking if gcc supports -c -o file.o
configure:8699: result: yes
configure:8732: checking whether the gcc linker (/usr/bin/ld -m elf_x86_64) supports shared libraries
configure:9803: result: yes
configure:9840: checking whether -lc should be explicitly linked in
configure:9848: gcc -c -g -O2  conftest.c >&5
configure:9851: $? = 0
configure:9866: gcc -shared  -fPIC -DPIC conftest.o  -v -Wl,-soname -Wl,conftest -o conftest 2\>\&1 \| /bin/grep  -lc  \>/dev/null 2\>\&1
configure:9869: $? = 0
configure:9883: result: no
configure:10048: checking dynamic linker characteristics
configure:10499: gcc -o conftest -g -O2   -Wl,-rpath -Wl,/foo conftest.c  >&5
configure:10499: $? = 0
configure:10721: result: GNU/Linux ld.so
configure:10828: checking how to hardcode library paths into programs
configure:10853: result: immediate
configure:11393: checking whether stripping libraries is possible
configure:11398: result: yes
configure:11433: checking if libtool supports shared libraries
configure:11435: result: yes
configure:11438: checking whether to build shared libraries
configure:11459: result: yes
configure:11462: checking whether to build static libraries
configure:11466: result: yes
configure:11527: checking whether to enable maintainer-specific portions of Makefiles
configure:11536: result: no
configure:11674: checking for Fortran compiler version
configure:11683: no --version >&5
../configure: line 11685: no: command not found
configure:11694: $? = 127
configure:11683: no -v >&5
../configure: line 11685: no: command not found
configure:11694: $? = 127
configure:11683: no -V >&5
../configure: line 11685: no: command not found
configure:11694: $? = 127
configure:11683: no -qversion >&5
../configure: line 11685: no: command not found
configure:11694: $? = 127
configure:11703: checking whether we are using the GNU Fortran compiler
configure:11716: no -c  -L.  conftest.F >&5
../configure: line 1853: no: command not found
configure:11716: $? = 127
configure: failed program was:
|       program main
| #ifndef __GNUC__
|        choke me
| #endif
| 
|       end
configure:11725: result: no
configure:11731: checking whether no accepts -g
configure:11742: no -c -g  conftest.f >&5
../configure: line 1853: no: command not found
configure:11742: $? = 127
configure: failed program was:
|       program main
| 
|       end
configure:11750: result: no
configure:14472: checking for ANSI C header files
configure:14576: result: yes
configure:14584: checking whether time.h and sys/time.h may both be included
configure:14604: gcc -c -g -O2  conftest.c >&5
configure:14604: $? = 0
configure:14611: result: yes
configure:14619: checking whether string.h and strings.h may both be included
configure:14636: gcc -c -g -O2  conftest.c >&5
configure:14636: $? = 0
configure:14643: result: yes
configure:14654: checking pthread.h usability
configure:14654: gcc -c -g -O2  conftest.c >&5
configure:14654: $? = 0
configure:14654: result: yes
configure:14654: checking pthread.h presence
configure:14654: gcc -E  conftest.c
configure:14654: $? = 0
configure:14654: result: yes
configure:14654: checking for pthread.h
configure:14654: result: yes
configure:14654: checking for unistd.h
configure:14654: result: yes
configure:14654: checking semaphore.h usability
configure:14654: gcc -c -g -O2  conftest.c >&5
configure:14654: $? = 0
configure:14654: result: yes
configure:14654: checking semaphore.h presence
configure:14654: gcc -E  conftest.c
configure:14654: $? = 0
configure:14654: result: yes
configure:14654: checking for semaphore.h
configure:14654: result: yes
configure:14654: checking sys/loadavg.h usability
configure:14654: gcc -c -g -O2  conftest.c >&5
conftest.c:62:10: fatal error: sys/loadavg.h: No such file or directory
 #include <sys/loadavg.h>
          ^~~~~~~~~~~~~~~
compilation terminated.
configure:14654: $? = 1
configure: failed program was:
| /* confdefs.h */
| #define PACKAGE_NAME "GNU Offloading and Multi Processing Runtime Library"
| #define PACKAGE_TARNAME "libgomp"
| #define PACKAGE_VERSION "1.0"
| #define PACKAGE_STRING "GNU Offloading and Multi Processing Runtime Library 1.0"
| #define PACKAGE_BUGREPORT ""
| #define PACKAGE_URL "http://www.gnu.org/software/libgomp/"
| #define PACKAGE "libgomp"
| #define VERSION "1.0"
| #define STDC_HEADERS 1
| #define HAVE_SYS_TYPES_H 1
| #define HAVE_SYS_STAT_H 1
| #define HAVE_STDLIB_H 1
| #define HAVE_STRING_H 1
| #define HAVE_MEMORY_H 1
| #define HAVE_STRINGS_H 1
| #define HAVE_INTTYPES_H 1
| #define HAVE_STDINT_H 1
| #define HAVE_UNISTD_H 1
| #define HAVE_DLFCN_H 1
| #define LT_OBJDIR ".libs/"
| #define STDC_HEADERS 1
| #define TIME_WITH_SYS_TIME 1
| #define STRING_WITH_STRINGS 1
| #define HAVE_PTHREAD_H 1
| #define HAVE_UNISTD_H 1
| #define HAVE_SEMAPHORE_H 1
| /* end confdefs.h.  */
| #include <stdio.h>
| #ifdef HAVE_SYS_TYPES_H
| # include <sys/types.h>
| #endif
| #ifdef HAVE_SYS_STAT_H
| # include <sys/stat.h>
| #endif
| #ifdef STDC_HEADERS
| # include <stdlib.h>
| # include <stddef.h>
| #else
| # ifdef HAVE_STDLIB_H
| #  include <stdlib.h>
| # endif
| #endif
| #ifdef HAVE_STRING_H
| # if !defined STDC_HEADERS && defined HAVE_MEMORY_H
| #  include <memory.h>
| # endif
| # include <string.h>
| #endif
| #ifdef HAVE_STRINGS_H
| # include <strings.h>
| #endif
| #ifdef HAVE_INTTYPES_H
| # include <inttypes.h>
| #endif
| #ifdef HAVE_STDINT_H
| # include <stdint.h>
| #endif
| #ifdef HAVE_UNISTD_H
| # include <unistd.h>
| #endif
| #include <sys/loadavg.h>
configure:14654: result: no
configure:14654: checking sys/loadavg.h presence
configure:14654: gcc -E  conftest.c
conftest.c:29:10: fatal error: sys/loadavg.h: No such file or directory
 #include <sys/loadavg.h>
          ^~~~~~~~~~~~~~~
compilation terminated.
configure:14654: $? = 1
configure: failed program was:
| /* confdefs.h */
| #define PACKAGE_NAME "GNU Offloading and Multi Processing Runtime Library"
| #define PACKAGE_TARNAME "libgomp"
| #define PACKAGE_VERSION "1.0"
| #define PACKAGE_STRING "GNU Offloading and Multi Processing Runtime Library 1.0"
| #define PACKAGE_BUGREPORT ""
| #define PACKAGE_URL "http://www.gnu.org/software/libgomp/"
| #define PACKAGE "libgomp"
| #define VERSION "1.0"
| #define STDC_HEADERS 1
| #define HAVE_SYS_TYPES_H 1
| #define HAVE_SYS_STAT_H 1
| #define HAVE_STDLIB_H 1
| #define HAVE_STRING_H 1
| #define HAVE_MEMORY_H 1
| #define HAVE_STRINGS_H 1
| #define HAVE_INTTYPES_H 1
| #define HAVE_STDINT_H 1
| #define HAVE_UNISTD_H 1
| #define HAVE_DLFCN_H 1
| #define LT_OBJDIR ".libs/"
| #define STDC_HEADERS 1
| #define TIME_WITH_SYS_TIME 1
| #define STRING_WITH_STRINGS 1
| #define HAVE_PTHREAD_H 1
| #define HAVE_UNISTD_H 1
| #define HAVE_SEMAPHORE_H 1
| /* end confdefs.h.  */
| #include <sys/loadavg.h>
configure:14654: result: no
configure:14654: checking for sys/loadavg.h
configure:14654: result: no
configure:14654: checking sys/sysctl.h usability
configure:14654: gcc -c -g -O2  conftest.c >&5
configure:14654: $? = 0
configure:14654: result: yes
configure:14654: checking sys/sysctl.h presence
configure:14654: gcc -E  conftest.c
configure:14654: $? = 0
configure:14654: result: yes
configure:14654: checking for sys/sysctl.h
configure:14654: result: yes
configure:14654: checking sys/time.h usability
configure:14654: gcc -c -g -O2  conftest.c >&5
configure:14654: $? = 0
configure:14654: result: yes
configure:14654: checking sys/time.h presence
configure:14654: gcc -E  conftest.c
configure:14654: $? = 0
configure:14654: result: yes
configure:14654: checking for sys/time.h
configure:14654: result: yes
configure:14679: checking for uintmax_t
configure:14679: gcc -c -g -O2  conftest.c >&5
configure:14679: $? = 0
configure:14679: gcc -c -g -O2  conftest.c >&5
conftest.c: In function 'main':
conftest.c:37:24: error: expected expression before ')' token
 if (sizeof ((uintmax_t)))
                        ^
configure:14679: $? = 1
configure: failed program was:
| /* confdefs.h */
| #define PACKAGE_NAME "GNU Offloading and Multi Processing Runtime Library"
| #define PACKAGE_TARNAME "libgomp"
| #define PACKAGE_VERSION "1.0"
| #define PACKAGE_STRING "GNU Offloading and Multi Processing Runtime Library 1.0"
| #define PACKAGE_BUGREPORT ""
| #define PACKAGE_URL "http://www.gnu.org/software/libgomp/"
| #define PACKAGE "libgomp"
| #define VERSION "1.0"
| #define STDC_HEADERS 1
| #define HAVE_SYS_TYPES_H 1
| #define HAVE_SYS_STAT_H 1
| #define HAVE_STDLIB_H 1
| #define HAVE_STRING_H 1
| #define HAVE_MEMORY_H 1
| #define HAVE_STRINGS_H 1
| #define HAVE_INTTYPES_H 1
| #define HAVE_STDINT_H 1
| #define HAVE_UNISTD_H 1
| #define HAVE_DLFCN_H 1
| #define LT_OBJDIR ".libs/"
| #define STDC_HEADERS 1
| #define TIME_WITH_SYS_TIME 1
| #define STRING_WITH_STRINGS 1
| #define HAVE_PTHREAD_H 1
| #define HAVE_UNISTD_H 1
| #define HAVE_SEMAPHORE_H 1
| #define HAVE_SYS_SYSCTL_H 1
| #define HAVE_SYS_TIME_H 1
| /* end confdefs.h.  */
| #include <sys/types.h>
| #include <stdint.h>
| 
| int
| main ()
| {
| if (sizeof ((uintmax_t)))
| 	    return 0;
|   ;
|   return 0;
| }
configure:14679: result: yes
configure:14688: checking for uintptr_t
configure:14688: gcc -c -g -O2  conftest.c >&5
configure:14688: $? = 0
configure:14688: gcc -c -g -O2  conftest.c >&5
conftest.c: In function 'main':
conftest.c:37:24: error: expected expression before ')' token
 if (sizeof ((uintptr_t)))
                        ^
configure:14688: $? = 1
configure: failed program was:
| /* confdefs.h */
| #define PACKAGE_NAME "GNU Offloading and Multi Processing Runtime Library"
| #define PACKAGE_TARNAME "libgomp"
| #define PACKAGE_VERSION "1.0"
| #define PACKAGE_STRING "GNU Offloading and Multi Processing Runtime Library 1.0"
| #define PACKAGE_BUGREPORT ""
| #define PACKAGE_URL "http://www.gnu.org/software/libgomp/"
| #define PACKAGE "libgomp"
| #define VERSION "1.0"
| #define STDC_HEADERS 1
| #define HAVE_SYS_TYPES_H 1
| #define HAVE_SYS_STAT_H 1
| #define HAVE_STDLIB_H 1
| #define HAVE_STRING_H 1
| #define HAVE_MEMORY_H 1
| #define HAVE_STRINGS_H 1
| #define HAVE_INTTYPES_H 1
| #define HAVE_STDINT_H 1
| #define HAVE_UNISTD_H 1
| #define HAVE_DLFCN_H 1
| #define LT_OBJDIR ".libs/"
| #define STDC_HEADERS 1
| #define TIME_WITH_SYS_TIME 1
| #define STRING_WITH_STRINGS 1
| #define HAVE_PTHREAD_H 1
| #define HAVE_UNISTD_H 1
| #define HAVE_SEMAPHORE_H 1
| #define HAVE_SYS_SYSCTL_H 1
| #define HAVE_SYS_TIME_H 1
| /* end confdefs.h.  */
| #include <sys/types.h>
| #include <stdint.h>
| 
| int
| main ()
| {
| if (sizeof ((uintptr_t)))
| 	    return 0;
|   ;
|   return 0;
| }
configure:14688: result: yes
configure:14697: checking for int_least32_t
configure:14697: gcc -c -g -O2  conftest.c >&5
configure:14697: $? = 0
configure:14697: gcc -c -g -O2  conftest.c >&5
conftest.c: In function 'main':
conftest.c:37:28: error: expected expression before ')' token
 if (sizeof ((int_least32_t)))
                            ^
configure:14697: $? = 1
configure: failed program was:
| /* confdefs.h */
| #define PACKAGE_NAME "GNU Offloading and Multi Processing Runtime Library"
| #define PACKAGE_TARNAME "libgomp"
| #define PACKAGE_VERSION "1.0"
| #define PACKAGE_STRING "GNU Offloading and Multi Processing Runtime Library 1.0"
| #define PACKAGE_BUGREPORT ""
| #define PACKAGE_URL "http://www.gnu.org/software/libgomp/"
| #define PACKAGE "libgomp"
| #define VERSION "1.0"
| #define STDC_HEADERS 1
| #define HAVE_SYS_TYPES_H 1
| #define HAVE_SYS_STAT_H 1
| #define HAVE_STDLIB_H 1
| #define HAVE_STRING_H 1
| #define HAVE_MEMORY_H 1
| #define HAVE_STRINGS_H 1
| #define HAVE_INTTYPES_H 1
| #define HAVE_STDINT_H 1
| #define HAVE_UNISTD_H 1
| #define HAVE_DLFCN_H 1
| #define LT_OBJDIR ".libs/"
| #define STDC_HEADERS 1
| #define TIME_WITH_SYS_TIME 1
| #define STRING_WITH_STRINGS 1
| #define HAVE_PTHREAD_H 1
| #define HAVE_UNISTD_H 1
| #define HAVE_SEMAPHORE_H 1
| #define HAVE_SYS_SYSCTL_H 1
| #define HAVE_SYS_TIME_H 1
| /* end confdefs.h.  */
| #include <sys/types.h>
| #include <stdint.h>
| 
| int
| main ()
| {
| if (sizeof ((int_least32_t)))
| 	    return 0;
|   ;
|   return 0;
| }
configure:14697: result: yes
configure:14706: checking for int_fast32_t
configure:14706: gcc -c -g -O2  conftest.c >&5
configure:14706: $? = 0
configure:14706: gcc -c -g -O2  conftest.c >&5
conftest.c: In function 'main':
conftest.c:37:27: error: expected expression before ')' token
 if (sizeof ((int_fast32_t)))
                           ^
configure:14706: $? = 1
configure: failed program was:
| /* confdefs.h */
| #define PACKAGE_NAME "GNU Offloading and Multi Processing Runtime Library"
| #define PACKAGE_TARNAME "libgomp"
| #define PACKAGE_VERSION "1.0"
| #define PACKAGE_STRING "GNU Offloading and Multi Processing Runtime Library 1.0"
| #define PACKAGE_BUGREPORT ""
| #define PACKAGE_URL "http://www.gnu.org/software/libgomp/"
| #define PACKAGE "libgomp"
| #define VERSION "1.0"
| #define STDC_HEADERS 1
| #define HAVE_SYS_TYPES_H 1
| #define HAVE_SYS_STAT_H 1
| #define HAVE_STDLIB_H 1
| #define HAVE_STRING_H 1
| #define HAVE_MEMORY_H 1
| #define HAVE_STRINGS_H 1
| #define HAVE_INTTYPES_H 1
| #define HAVE_STDINT_H 1
| #define HAVE_UNISTD_H 1
| #define HAVE_DLFCN_H 1
| #define LT_OBJDIR ".libs/"
| #define STDC_HEADERS 1
| #define TIME_WITH_SYS_TIME 1
| #define STRING_WITH_STRINGS 1
| #define HAVE_PTHREAD_H 1
| #define HAVE_UNISTD_H 1
| #define HAVE_SEMAPHORE_H 1
| #define HAVE_SYS_SYSCTL_H 1
| #define HAVE_SYS_TIME_H 1
| /* end confdefs.h.  */
| #include <sys/types.h>
| #include <stdint.h>
| 
| int
| main ()
| {
| if (sizeof ((int_fast32_t)))
| 	    return 0;
|   ;
|   return 0;
| }
configure:14706: result: yes
configure:14715: checking for uint64_t
configure:14715: gcc -c -g -O2  conftest.c >&5
configure:14715: $? = 0
configure:14715: gcc -c -g -O2  conftest.c >&5
conftest.c: In function 'main':
conftest.c:37:23: error: expected expression before ')' token
 if (sizeof ((uint64_t)))
                       ^
configure:14715: $? = 1
configure: failed program was:
| /* confdefs.h */
| #define PACKAGE_NAME "GNU Offloading and Multi Processing Runtime Library"
| #define PACKAGE_TARNAME "libgomp"
| #define PACKAGE_VERSION "1.0"
| #define PACKAGE_STRING "GNU Offloading and Multi Processing Runtime Library 1.0"
| #define PACKAGE_BUGREPORT ""
| #define PACKAGE_URL "http://www.gnu.org/software/libgomp/"
| #define PACKAGE "libgomp"
| #define VERSION "1.0"
| #define STDC_HEADERS 1
| #define HAVE_SYS_TYPES_H 1
| #define HAVE_SYS_STAT_H 1
| #define HAVE_STDLIB_H 1
| #define HAVE_STRING_H 1
| #define HAVE_MEMORY_H 1
| #define HAVE_STRINGS_H 1
| #define HAVE_INTTYPES_H 1
| #define HAVE_STDINT_H 1
| #define HAVE_UNISTD_H 1
| #define HAVE_DLFCN_H 1
| #define LT_OBJDIR ".libs/"
| #define STDC_HEADERS 1
| #define TIME_WITH_SYS_TIME 1
| #define STRING_WITH_STRINGS 1
| #define HAVE_PTHREAD_H 1
| #define HAVE_UNISTD_H 1
| #define HAVE_SEMAPHORE_H 1
| #define HAVE_SYS_SYSCTL_H 1
| #define HAVE_SYS_TIME_H 1
| /* end confdefs.h.  */
| #include <sys/types.h>
| #include <stdint.h>
| 
| int
| main ()
| {
| if (sizeof ((uint64_t)))
| 	    return 0;
|   ;
|   return 0;
| }
configure:14715: result: yes
configure:14796: checking what to include in gstdint.h
configure:14824: result: stdint.h (already complete)
configure:15100: gcc -o conftest -g -O2 -pthread   conftest.c  >&5
configure:15100: $? = 0
configure:15171: checking for dlsym in -ldl
configure:15196: gcc -o conftest -g -O2 -pthread   conftest.c -ldl   >&5
configure:15196: $? = 0
configure:15205: result: yes
configure:15231: checking for unistd.h
configure:15231: result: yes
configure:15252: checking for secure_getenv
configure:15252: gcc -o conftest -g -O2 -pthread   conftest.c -ldl  >&5
configure:15252: $? = 0
configure:15252: result: yes
configure:15252: checking for __secure_getenv
configure:15252: gcc -o conftest -g -O2 -pthread   conftest.c -ldl  >&5
/tmp/ccx8fycy.o: In function `main':
/opt/openmp/libgomp/stage-bionic/conftest.c:70: undefined reference to `__secure_getenv'
collect2: error: ld returned 1 exit status
configure:15252: $? = 1
configure: failed program was:
| /* confdefs.h */
| #define PACKAGE_NAME "GNU Offloading and Multi Processing Runtime Library"
| #define PACKAGE_TARNAME "libgomp"
| #define PACKAGE_VERSION "1.0"
| #define PACKAGE_STRING "GNU Offloading and Multi Processing Runtime Library 1.0"
| #define PACKAGE_BUGREPORT ""
| #define PACKAGE_URL "http://www.gnu.org/software/libgomp/"
| #define PACKAGE "libgomp"
| #define VERSION "1.0"
| #define STDC_HEADERS 1
| #define HAVE_SYS_TYPES_H 1
| #define HAVE_SYS_STAT_H 1
| #define HAVE_STDLIB_H 1
| #define HAVE_STRING_H 1
| #define HAVE_MEMORY_H 1
| #define HAVE_STRINGS_H 1
| #define HAVE_INTTYPES_H 1
| #define HAVE_STDINT_H 1
| #define HAVE_UNISTD_H 1
| #define HAVE_DLFCN_H 1
| #define LT_OBJDIR ".libs/"
| #define STDC_HEADERS 1
| #define TIME_WITH_SYS_TIME 1
| #define STRING_WITH_STRINGS 1
| #define HAVE_PTHREAD_H 1
| #define HAVE_UNISTD_H 1
| #define HAVE_SEMAPHORE_H 1
| #define HAVE_SYS_SYSCTL_H 1
| #define HAVE_SYS_TIME_H 1
| #define LIBGOMP_USE_PTHREADS 1
| #define HAVE_LIBDL 1
| #define PLUGIN_SUPPORT 1
| #define HAVE_UNISTD_H 1
| #define HAVE_SECURE_GETENV 1
| /* end confdefs.h.  */
| /* Define __secure_getenv to an innocuous variant, in case <limits.h> declares __secure_getenv.
|    For example, HP-UX 11i <limits.h> declares gettimeofday.  */
| #define __secure_getenv innocuous___secure_getenv
| 
| /* System header to define __stub macros and hopefully few prototypes,
|     which can conflict with char __secure_getenv (); below.
|     Prefer <limits.h> to <assert.h> if __STDC__ is defined, since
|     <limits.h> exists even on freestanding compilers.  */
| 
| #ifdef __STDC__
| # include <limits.h>
| #else
| # include <assert.h>
| #endif
| 
| #undef __secure_getenv
| 
| /* Override any GCC internal prototype to avoid an error.
|    Use char because int might match the return type of a GCC
|    builtin and then its argument prototype would still apply.  */
| #ifdef __cplusplus
| extern "C"
| #endif
| char __secure_getenv ();
| /* The GNU C library defines this for functions which it implements
|     to always fail with ENOSYS.  Some functions are actually named
|     something starting with __ and the normal name is an alias.  */
| #if defined __stub___secure_getenv || defined __stub_____secure_getenv
| choke me
| #endif
| 
| int
| main ()
| {
| return __secure_getenv ();
|   ;
|   return 0;
| }
configure:15252: result: no
configure:15252: checking for getuid
configure:15252: gcc -o conftest -g -O2 -pthread   conftest.c -ldl  >&5
configure:15252: $? = 0
configure:15252: result: yes
configure:15252: checking for geteuid
configure:15252: gcc -o conftest -g -O2 -pthread   conftest.c -ldl  >&5
configure:15252: $? = 0
configure:15252: result: yes
configure:15252: checking for getgid
configure:15252: gcc -o conftest -g -O2 -pthread   conftest.c -ldl  >&5
configure:15252: $? = 0
configure:15252: result: yes
configure:15252: checking for getegid
configure:15252: gcc -o conftest -g -O2 -pthread   conftest.c -ldl  >&5
configure:15252: $? = 0
configure:15252: result: yes
configure:15561: checking for getloadavg
configure:15561: gcc -o conftest -g -O2 -pthread   conftest.c -ldl  >&5
configure:15561: $? = 0
configure:15561: result: yes
configure:15561: checking for clock_gettime
configure:15561: gcc -o conftest -g -O2 -pthread   conftest.c -ldl  >&5
configure:15561: $? = 0
configure:15561: result: yes
configure:15561: checking for strtoull
configure:15561: gcc -o conftest -g -O2 -pthread   conftest.c -ldl  >&5
configure:15561: $? = 0
configure:15561: result: yes
configure:15729: gcc -o conftest -g -O2 -pthread   conftest.c -ldl  >&5
configure:15729: $? = 0
configure:15801: checking whether the target supports thread-local storage
configure:15856: gcc -o conftest -g -O2 -pthread   conftest.c -ldl  >&5
configure:15856: $? = 0
configure:15856: ./conftest
configure:15856: $? = 0
configure:15863: gcc -o conftest -g -O2 -pthread  -static  conftest.c -ldl  >&5
configure:15863: $? = 0
configure:15874: gcc -o conftest -g -O2 -pthread  -static  conftest.c -ldl  >&5
configure:15874: $? = 0
configure:15874: ./conftest
configure:15874: $? = 0
configure:15906: gcc -o conftest  -g -O2 -pthread   conftest.c -ldl  >&5
configure:15906: $? = 0
configure:15952: gcc -o conftest  -g -O2 -pthread   conftest.c -ldl  >&5
configure:15952: $? = 0
configure:15952: ./conftest
configure:15952: $? = 0
configure:15972: result: yes
configure:15982: checking whether the thread-local storage support is from emutls
configure:15991: gcc -Werror -S -o conftest.s conftest.c 1>&5
configure:15994: $? = 0
configure:16003: result: no
configure:16013: checking whether the target supports hidden visibility
configure:16032: gcc -c -g -O2 -pthread -Werror  conftest.c >&5
configure:16032: $? = 0
configure:16040: result: yes
configure:16048: checking whether the target supports dllexport
configure:16067: gcc -c -g -O2 -pthread -Werror  conftest.c >&5
conftest.c:51:1: error: 'dllexport' attribute directive ignored [-Werror=attributes]
 void __attribute__((dllexport)) foo(void) { }
 ^~~~
cc1: all warnings being treated as errors
configure:16067: $? = 1
configure: failed program was:
| /* confdefs.h */
| #define PACKAGE_NAME "GNU Offloading and Multi Processing Runtime Library"
| #define PACKAGE_TARNAME "libgomp"
| #define PACKAGE_VERSION "1.0"
| #define PACKAGE_STRING "GNU Offloading and Multi Processing Runtime Library 1.0"
| #define PACKAGE_BUGREPORT ""
| #define PACKAGE_URL "http://www.gnu.org/software/libgomp/"
| #define PACKAGE "libgomp"
| #define VERSION "1.0"
| #define STDC_HEADERS 1
| #define HAVE_SYS_TYPES_H 1
| #define HAVE_SYS_STAT_H 1
| #define HAVE_STDLIB_H 1
| #define HAVE_STRING_H 1
| #define HAVE_MEMORY_H 1
| #define HAVE_STRINGS_H 1
| #define HAVE_INTTYPES_H 1
| #define HAVE_STDINT_H 1
| #define HAVE_UNISTD_H 1
| #define HAVE_DLFCN_H 1
| #define LT_OBJDIR ".libs/"
| #define STDC_HEADERS 1
| #define TIME_WITH_SYS_TIME 1
| #define STRING_WITH_STRINGS 1
| #define HAVE_PTHREAD_H 1
| #define HAVE_UNISTD_H 1
| #define HAVE_SEMAPHORE_H 1
| #define HAVE_SYS_SYSCTL_H 1
| #define HAVE_SYS_TIME_H 1
| #define LIBGOMP_USE_PTHREADS 1
| #define HAVE_LIBDL 1
| #define PLUGIN_SUPPORT 1
| #define HAVE_UNISTD_H 1
| #define HAVE_SECURE_GETENV 1
| #define HAVE_GETUID 1
| #define HAVE_GETEUID 1
| #define HAVE_GETGID 1
| #define HAVE_GETEGID 1
| #define OFFLOAD_TARGETS ""
| #define PLUGIN_NVPTX 0
| #define PLUGIN_NVPTX_DYNAMIC 0
| #define PLUGIN_HSA 0
| #define HSA_RUNTIME_LIB ""
| #define HAVE_GETLOADAVG 1
| #define HAVE_CLOCK_GETTIME 1
| #define HAVE_STRTOULL 1
| #define HAVE_PTHREAD_AFFINITY_NP 1
| #define HAVE_TLS 1
| #define HAVE_ATTRIBUTE_VISIBILITY 1
| /* end confdefs.h.  */
| void __attribute__((dllexport)) foo(void) { }
| int
| main ()
| {
| 
|   ;
|   return 0;
| }
configure:16075: result: no
configure:16083: checking whether the target supports symbol aliases
configure:16102: gcc -o conftest -g -O2 -pthread   conftest.c -ldl  >&5
configure:16102: $? = 0
configure:16110: result: yes
configure:16129: checking for ld used by gcc
configure:16196: result: /usr/bin/ld
configure:16203: checking if the linker (/usr/bin/ld) is GNU ld
configure:16218: result: yes
configure:16388: checking for shared libgcc
configure:16403: gcc -o conftest  -lgcc_s   conftest.c -ldl  >&5
configure:16403: $? = 0
configure:16441: result: yes
configure:16496: checking whether the target supports .symver directive
configure:16513: gcc -c -g -O2 -pthread  conftest.c >&5
configure:16513: $? = 0
configure:16520: result: yes
configure:16552: versioning on shared library symbols is gnu
configure:16584: checking whether the target supports __sync_*_compare_and_swap
configure:16601: gcc -o conftest -g -O2 -pthread  -Wall -Werror -ftls-model=initial-exec   conftest.c -ldl  >&5
configure:16601: $? = 0
configure:16609: result: yes
configure:16738: gcc -o conftest -g -O2 -pthread -include confdefs.h -include ../config/posix/omp-lock.h   conftest.c -ldl  >&5
configure:16738: $? = 0
configure:16738: ./conftest
configure:16738: $? = 0
configure:16745: gcc -o conftest -g -O2 -pthread -include confdefs.h -include ../config/posix/omp-lock.h   conftest.c -ldl  >&5
configure:16745: $? = 0
configure:16745: ./conftest
configure:16745: $? = 0
configure:16750: gcc -o conftest -g -O2 -pthread -include confdefs.h -include ../config/posix/omp-lock.h   conftest.c -ldl  >&5
configure:16750: $? = 0
configure:16750: ./conftest
configure:16750: $? = 0
configure:16755: gcc -o conftest -g -O2 -pthread -include confdefs.h -include ../config/posix/omp-lock.h   conftest.c -ldl  >&5
configure:16755: $? = 0
configure:16755: ./conftest
configure:16755: $? = 0
configure:16760: gcc -o conftest -g -O2 -pthread -include confdefs.h -include ../config/posix/omp-lock.h   conftest.c -ldl  >&5
configure:16760: $? = 0
configure:16760: ./conftest
configure:16760: $? = 0
configure:16767: gcc -o conftest -g -O2 -pthread -include confdefs.h -include ../config/posix/omp-lock.h   conftest.c -ldl  >&5
configure:16767: $? = 0
configure:16767: ./conftest
configure:16767: $? = 0
configure:16772: gcc -o conftest -g -O2 -pthread -include confdefs.h -include ../config/posix/omp-lock.h   conftest.c -ldl  >&5
configure:16772: $? = 0
configure:16772: ./conftest
configure:16772: $? = 0
configure:16777: gcc -o conftest -g -O2 -pthread -include confdefs.h -include ../config/posix/omp-lock.h   conftest.c -ldl  >&5
configure:16777: $? = 0
configure:16777: ./conftest
configure:16777: $? = 0
configure:16994: creating ./config.status

## ---------------------- ##
## Running config.status. ##
## ---------------------- ##

This file was extended by GNU Offloading and Multi Processing Runtime Library config.status 1.0, which was
generated by GNU Autoconf 2.64.  Invocation command line was

  CONFIG_FILES    = 
  CONFIG_HEADERS  = 
  CONFIG_LINKS    = 
  CONFIG_COMMANDS = 
  $ ./config.status 

on localhost.localdomain

config.status:1262: creating omp.h
config.status:1262: creating omp_lib.h
config.status:1262: creating omp_lib.f90
config.status:1262: creating libgomp_f.h
config.status:1262: creating Makefile
config.status:1262: creating testsuite/Makefile
config.status:1262: creating libgomp.spec
config.status:1262: creating testsuite/libgomp-test-support.pt.exp
config.status:1262: creating config.h
config.status:1427: config.h is unchanged
config.status:1475: executing default-1 commands

## ---------------- ##
## Cache variables. ##
## ---------------- ##

ac_cv_build=x86_64-pc-linux-gnu
ac_cv_c_compiler_gnu=yes
ac_cv_env_CPPFLAGS_set=
ac_cv_env_CPPFLAGS_value=
ac_cv_env_CPP_set=
ac_cv_env_CPP_value=
ac_cv_env_FCFLAGS_set=
ac_cv_env_FCFLAGS_value=
ac_cv_env_FC_set=
ac_cv_env_FC_value=
ac_cv_env_LDFLAGS_set=
ac_cv_env_LDFLAGS_value=
ac_cv_env_LIBS_set=
ac_cv_env_LIBS_value=
ac_cv_env_build_alias_set=
ac_cv_env_build_alias_value=
ac_cv_env_host_alias_set=
ac_cv_env_host_alias_value=
ac_cv_env_target_alias_set=
ac_cv_env_target_alias_value=
ac_cv_fc_compiler_gnu=no
ac_cv_func___secure_getenv=no
ac_cv_func_clock_gettime=yes
ac_cv_func_getegid=yes
ac_cv_func_geteuid=yes
ac_cv_func_getgid=yes
ac_cv_func_getloadavg=yes
ac_cv_func_getuid=yes
ac_cv_func_secure_getenv=yes
ac_cv_func_strtoull=yes
ac_cv_header_dlfcn_h=yes
ac_cv_header_inttypes_h=yes
ac_cv_header_memory_h=yes
ac_cv_header_pthread_h=yes
ac_cv_header_semaphore_h=yes
ac_cv_header_stdc=yes
ac_cv_header_stdint_h=yes
ac_cv_header_stdlib_h=yes
ac_cv_header_string_h=yes
ac_cv_header_strings_h=yes
ac_cv_header_sys_loadavg_h=no
ac_cv_header_sys_stat_h=yes
ac_cv_header_sys_sysctl_h=yes
ac_cv_header_sys_time_h=yes
ac_cv_header_sys_types_h=yes
ac_cv_header_time=yes
ac_cv_header_unistd_h=yes
ac_cv_host=x86_64-pc-linux-gnu
ac_cv_lib_dl_dlsym=yes
ac_cv_objext=o
ac_cv_path_EGREP='/bin/grep -E'
ac_cv_path_FGREP='/bin/grep -F'
ac_cv_path_GREP=/bin/grep
ac_cv_path_PERL=/usr/bin/perl
ac_cv_path_SED=/bin/sed
ac_cv_path_install='/usr/bin/install -c'
ac_cv_path_mkdir=/bin/mkdir
ac_cv_prog_AWK=mawk
ac_cv_prog_CPP='gcc -E'
ac_cv_prog_MAKEINFO='${SHELL} /opt/openmp/missing --run makeinfo'
ac_cv_prog_ac_ct_AR=ar
ac_cv_prog_ac_ct_CC=gcc
ac_cv_prog_ac_ct_OBJDUMP=objdump
ac_cv_prog_ac_ct_RANLIB=ranlib
ac_cv_prog_ac_ct_STRIP=strip
ac_cv_prog_cc_c89=
ac_cv_prog_cc_g=yes
ac_cv_prog_fc_g=no
ac_cv_prog_make_make_set=yes
ac_cv_target=x86_64-pc-linux-gnu
ac_cv_type_int_fast32_t=yes
ac_cv_type_int_least32_t=yes
ac_cv_type_u_int64_t=no
ac_cv_type_uint64_t=yes
ac_cv_type_uintmax_t=yes
ac_cv_type_uintptr_t=yes
acx_cv_header_stdint=stdint.h
acx_cv_header_stdint_kind='(already complete)'
am_cv_CC_dependencies_compiler_type=gcc3
gcc_cv_have_tls=yes
gcc_cv_header_string=yes
gcc_cv_prog_makeinfo_modern=no
gcc_cv_use_emutls=no
libgomp_cv_have_as_symver_directive=yes
libgomp_cv_have_attribute_alias=yes
libgomp_cv_have_attribute_dllexport=no
libgomp_cv_have_attribute_visibility=yes
libgomp_cv_have_sync_builtins=yes
lt_cv_archive_cmds_need_lc=no
lt_cv_deplibs_check_method=pass_all
lt_cv_file_magic_cmd='$MAGIC_CMD'
lt_cv_file_magic_test_file=
lt_cv_ld_reload_flag=-r
lt_cv_nm_interface='BSD nm'
lt_cv_objdir=.libs
lt_cv_path_LD=/usr/bin/ld
lt_cv_path_NM='/usr/bin/nm -B'
lt_cv_prog_compiler_c_o=yes
lt_cv_prog_compiler_pic_works=yes
lt_cv_prog_compiler_rtti_exceptions=no
lt_cv_prog_compiler_static_works=yes
lt_cv_prog_gnu_ld=yes
lt_cv_shlibpath_overrides_runpath=yes
lt_cv_sys_global_symbol_pipe='sed -n -e '\''s/^.*[	 ]\([ABCDGIRSTW][ABCDGIRSTW]*\)[	 ][	 ]*\([_A-Za-z][_A-Za-z0-9]*\)$/\1 \2 \2/p'\'''
lt_cv_sys_global_symbol_to_c_name_address='sed -n -e '\''s/^: \([^ ]*\) $/  {\"\1\", (void *) 0},/p'\'' -e '\''s/^[ABCDGIRSTW]* \([^ ]*\) \([^ ]*\)$/  {"\2", (void *) \&\2},/p'\'''
lt_cv_sys_global_symbol_to_c_name_address_lib_prefix='sed -n -e '\''s/^: \([^ ]*\) $/  {\"\1\", (void *) 0},/p'\'' -e '\''s/^[ABCDGIRSTW]* \([^ ]*\) \(lib[^ ]*\)$/  {"\2", (void *) \&\2},/p'\'' -e '\''s/^[ABCDGIRSTW]* \([^ ]*\) \([^ ]*\)$/  {"lib\2", (void *) \&\2},/p'\'''
lt_cv_sys_global_symbol_to_cdecl='sed -n -e '\''s/^T .* \(.*\)$/extern int \1();/p'\'' -e '\''s/^[ABCDGIRSTW]* .* \(.*\)$/extern char \1;/p'\'''
lt_cv_sys_max_cmd_len=1572864

## ----------------- ##
## Output variables. ##
## ----------------- ##

ACLOCAL='${SHELL} /opt/openmp/missing --run aclocal-1.11'
AMDEPBACKSLASH='\'
AMDEP_FALSE='#'
AMDEP_TRUE=''
AMTAR='$${TAR-tar}'
AR='ar'
AUTOCONF='${SHELL} /opt/openmp/missing --run autoconf'
AUTOHEADER='${SHELL} /opt/openmp/missing --run autoheader'
AUTOMAKE='${SHELL} /opt/openmp/missing --run automake-1.11'
AWK='mawk'
BUILD_INFO_FALSE=''
BUILD_INFO_TRUE='#'
CC='gcc'
CCDEPMODE='depmode=gcc3'
CFLAGS='-g -O2 -pthread'
CPP='gcc -E'
CPPFLAGS=''
CUDA_DRIVER_INCLUDE=''
CUDA_DRIVER_LIB=''
CYGPATH_W='echo'
DEFS='-DHAVE_CONFIG_H'
DEPDIR='.deps'
DSYMUTIL=''
DUMPBIN=''
ECHO_C=''
ECHO_N='-n'
ECHO_T=''
EGREP='/bin/grep -E'
EXEEXT=''
FC='no'
FCFLAGS=' -L. -Wall -L../libgfortran'
FGREP='/bin/grep -F'
GENINSRC_FALSE=''
GENINSRC_TRUE='#'
GREP='/bin/grep'
HSA_RUNTIME_INCLUDE=''
HSA_RUNTIME_LIB=''
INSTALL_DATA='${INSTALL} -m 644'
INSTALL_PROGRAM='${INSTALL}'
INSTALL_SCRIPT='${INSTALL}'
INSTALL_STRIP_PROGRAM='$(install_sh) -c -s'
LD='/usr/bin/ld'
LDFLAGS=''
LIBGOMP_BUILD_VERSIONED_SHLIB_FALSE='#'
LIBGOMP_BUILD_VERSIONED_SHLIB_GNU_FALSE='#'
LIBGOMP_BUILD_VERSIONED_SHLIB_GNU_TRUE=''
LIBGOMP_BUILD_VERSIONED_SHLIB_SUN_FALSE=''
LIBGOMP_BUILD_VERSIONED_SHLIB_SUN_TRUE='#'
LIBGOMP_BUILD_VERSIONED_SHLIB_TRUE=''
LIBOBJS=''
LIBS='-ldl '
LIBTOOL='$(SHELL) $(top_builddir)/libtool'
LIPO=''
LN_S='ln -s'
LTLIBOBJS=''
MAINT='#'
MAINTAINER_MODE_FALSE=''
MAINTAINER_MODE_TRUE='#'
MAKEINFO='/bin/bash ../../missing makeinfo'
MKDIR_P='/bin/mkdir -p'
NM='/usr/bin/nm -B'
NMEDIT=''
OBJDUMP='objdump'
OBJEXT='o'
OMP_LOCK_25_ALIGN='8'
OMP_LOCK_25_KIND='8'
OMP_LOCK_25_SIZE='40'
OMP_LOCK_ALIGN='8'
OMP_LOCK_KIND='8'
OMP_LOCK_SIZE='32'
OMP_NEST_LOCK_25_ALIGN='8'
OMP_NEST_LOCK_25_KIND='8'
OMP_NEST_LOCK_25_SIZE='48'
OMP_NEST_LOCK_ALIGN='8'
OMP_NEST_LOCK_KIND='8'
OMP_NEST_LOCK_SIZE='48'
OPT_LDFLAGS='-Wl,-O1 '
OTOOL64=''
OTOOL=''
PACKAGE='libgomp'
PACKAGE_BUGREPORT=''
PACKAGE_NAME='GNU Offloading and Multi Processing Runtime Library'
PACKAGE_STRING='GNU Offloading and Multi Processing Runtime Library 1.0'
PACKAGE_TARNAME='libgomp'
PACKAGE_URL='http://www.gnu.org/software/libgomp/'
PACKAGE_VERSION='1.0'
PATH_SEPARATOR=':'
PERL='/usr/bin/perl'
PLUGIN_HSA='0'
PLUGIN_HSA_CPPFLAGS=''
PLUGIN_HSA_FALSE=''
PLUGIN_HSA_LDFLAGS=''
PLUGIN_HSA_LIBS=''
PLUGIN_HSA_TRUE='#'
PLUGIN_NVPTX='0'
PLUGIN_NVPTX_CPPFLAGS=''
PLUGIN_NVPTX_FALSE=''
PLUGIN_NVPTX_LDFLAGS=''
PLUGIN_NVPTX_LIBS=''
PLUGIN_NVPTX_TRUE='#'
RANLIB='ranlib'
SECTION_LDFLAGS=''
SED='/bin/sed'
SET_MAKE=''
SHELL='/bin/bash'
STRIP='strip'
USE_FORTRAN_FALSE=''
USE_FORTRAN_TRUE='#'
VERSION='1.0'
XCFLAGS=' -Wall -Werror -ftls-model=initial-exec -Wc,-pthread'
XLDFLAGS=''
ac_ct_CC='gcc'
ac_ct_DUMPBIN=''
ac_ct_FC=''
am__EXEEXT_FALSE=''
am__EXEEXT_TRUE='#'
am__fastdepCC_FALSE='#'
am__fastdepCC_TRUE=''
am__include='include'
am__isrc=' -I$(srcdir)'
am__leading_dot='.'
am__nodep='_no'
am__quote=''
am__tar='$${TAR-tar} chof - "$$tardir"'
am__untar='$${TAR-tar} xf -'
bindir='${exec_prefix}/bin'
build='x86_64-pc-linux-gnu'
build_alias=''
build_cpu='x86_64'
build_os='linux-gnu'
build_vendor='pc'
config_path='posix'
datadir='${datarootdir}'
datarootdir='${prefix}/share'
docdir='${datarootdir}/doc/${PACKAGE_TARNAME}'
dvidir='${docdir}'
enable_shared='yes'
enable_static='yes'
exec_prefix='${prefix}'
get_gcc_base_ver='cat'
host='x86_64-pc-linux-gnu'
host_alias=''
host_cpu='x86_64'
host_os='linux-gnu'
host_vendor='pc'
htmldir='${docdir}'
includedir='${prefix}/include'
infodir='${datarootdir}/info'
install_sh='${SHELL} /opt/openmp/install-sh'
libdir='${exec_prefix}/lib'
libexecdir='${exec_prefix}/libexec'
libtool_VERSION='1:0:0'
link_gomp='-lgomp %{static: -ldl }'
localedir='${datarootdir}/locale'
localstatedir='${prefix}/var'
lt_host_flags=''
mandir='${datarootdir}/man'
mkdir_p='/bin/mkdir -p'
multi_basedir='../..'
offload_additional_lib_paths=''
offload_additional_options=''
offload_targets=''
oldincludedir='/usr/include'
pdfdir='${docdir}'
prefix='/usr/local'
program_transform_name='s,x,x,'
psdir='${docdir}'
sbindir='${exec_prefix}/sbin'
sharedstatedir='${prefix}/com'
sysconfdir='${prefix}/etc'
target='x86_64-pc-linux-gnu'
target_alias=''
target_cpu='x86_64'
target_os='linux-gnu'
target_vendor='pc'
toolexecdir='$(libdir)/gcc-lib/$(target_alias)'
toolexeclibdir='$(libdir)/'

## ----------- ##
## confdefs.h. ##
## ----------- ##

/* confdefs.h */
#define PACKAGE_NAME "GNU Offloading and Multi Processing Runtime Library"
#define PACKAGE_TARNAME "libgomp"
#define PACKAGE_VERSION "1.0"
#define PACKAGE_STRING "GNU Offloading and Multi Processing Runtime Library 1.0"
#define PACKAGE_BUGREPORT ""
#define PACKAGE_URL "http://www.gnu.org/software/libgomp/"
#define PACKAGE "libgomp"
#define VERSION "1.0"
#define STDC_HEADERS 1
#define HAVE_SYS_TYPES_H 1
#define HAVE_SYS_STAT_H 1
#define HAVE_STDLIB_H 1
#define HAVE_STRING_H 1
#define HAVE_MEMORY_H 1
#define HAVE_STRINGS_H 1
#define HAVE_INTTYPES_H 1
#define HAVE_STDINT_H 1
#define HAVE_UNISTD_H 1
#define HAVE_DLFCN_H 1
#define LT_OBJDIR ".libs/"
#define STDC_HEADERS 1
#define TIME_WITH_SYS_TIME 1
#define STRING_WITH_STRINGS 1
#define HAVE_PTHREAD_H 1
#define HAVE_UNISTD_H 1
#define HAVE_SEMAPHORE_H 1
#define HAVE_SYS_SYSCTL_H 1
#define HAVE_SYS_TIME_H 1
#define LIBGOMP_USE_PTHREADS 1
#define HAVE_LIBDL 1
#define PLUGIN_SUPPORT 1
#define HAVE_UNISTD_H 1
#define HAVE_SECURE_GETENV 1
#define HAVE_GETUID 1
#define HAVE_GETEUID 1
#define HAVE_GETGID 1
#define HAVE_GETEGID 1
#define OFFLOAD_TARGETS ""
#define PLUGIN_NVPTX 0
#define PLUGIN_NVPTX_DYNAMIC 0
#define PLUGIN_HSA 0
#define HSA_RUNTIME_LIB ""
#define HAVE_GETLOADAVG 1
#define HAVE_CLOCK_GETTIME 1
#define HAVE_STRTOULL 1
#define HAVE_PTHREAD_AFFINITY_NP 1
#define HAVE_TLS 1
#define HAVE_ATTRIBUTE_VISIBILITY 1
#define HAVE_ATTRIBUTE_ALIAS 1
#define HAVE_AS_SYMVER_DIRECTIVE 1
#define HAVE_SYMVER_SYMBOL_RENAMING_RUNTIME_SUPPORT 1
#define LIBGOMP_GNU_SYMBOL_VERSIONING 1
#define HAVE_SYNC_BUILTINS 1

configure: exit 1
